{"/Users/micheleriva/Desktop/projects/JSMonday/projects/17/src/index.ts": {"path":"/Users/micheleriva/Desktop/projects/JSMonday/projects/17/src/index.ts","statementMap":{"0":{"start":{"line":4,"column":2},"end":{"line":4,"column":54}},"1":{"start":{"line":3,"column":0},"end":{"line":3,"column":24}},"2":{"start":{"line":8,"column":2},"end":{"line":10,"column":32}},"3":{"start":{"line":7,"column":0},"end":{"line":7,"column":16}}},"fnMap":{"0":{"name":"scream","decl":{"start":{"line":3,"column":24},"end":{"line":3,"column":30}},"loc":{"start":{"line":3,"column":47},"end":{"line":5,"column":1}}},"1":{"name":"addExclamationPoints","decl":{"start":{"line":7,"column":16},"end":{"line":7,"column":36}},"loc":{"start":{"line":7,"column":48},"end":{"line":11,"column":1}}}},"branchMap":{},"s":{"0":3,"1":1,"2":6,"3":1},"f":{"0":3,"1":6},"b":{}}
}
